# JRE version: Java(TM) SE Runtime Environment (8.0_151-b12) (build 1.8.0_151-b12)
# Java VM: Java HotSpot(TM) 64-Bit Server VM (25.151-b12 mixed mode windows-amd64 compressed oops)
Heap:
 PSYoungGen      total 46592K, used 2559K [0x00000000d6e00000, 0x00000000dc880000, 0x0000000100000000)
  eden space 2560K, 99% used [0x00000000d6e00000,0x00000000d707fff8,0x00000000d7080000)
  from space 44032K, 0% used [0x00000000d9d80000,0x00000000d9d80000,0x00000000dc880000)
  to   space 45056K, 0% used [0x00000000d7080000,0x00000000d7080000,0x00000000d9c80000)
 ParOldGen       total 1347584K, used 1347583K [0x0000000084a00000, 0x00000000d6e00000, 0x00000000d6e00000)
  object space 1347584K, 99% used [0x0000000084a00000,0x00000000d6dffff8,0x00000000d6e00000)
 Metaspace       used 16721K, capacity 17312K, committed 17664K, reserved 1064960K
  class space    used 2237K, capacity 2440K, committed 2560K, reserved 1048576K
GC Heap History (10 events):
Event: 442.199 GC heap after
Heap after GC invocations=792 (full 462):
 PSYoungGen      total 46592K, used 2559K [0x00000000d6e00000, 0x00000000dc880000, 0x0000000100000000)
  eden space 2560K, 99% used [0x00000000d6e00000,0x00000000d707fff8,0x00000000d7080000)
  from space 44032K, 0% used [0x00000000d9d80000,0x00000000d9d80000,0x00000000dc880000)
  to   space 45056K, 0% used [0x00000000d7080000,0x00000000d7080000,0x00000000d9c80000)
 ParOldGen       total 1347584K, used 1347583K [0x0000000084a00000, 0x00000000d6e00000, 0x00000000d6e00000)
  object space 1347584K, 99% used [0x0000000084a00000,0x00000000d6dfffe0,0x00000000d6e00000)
 Metaspace       used 16721K, capacity 17312K, committed 17664K, reserved 1064960K
  class space    used 2237K, capacity 2440K, committed 2560K, reserved 1048576K
}
Event: 442.199 GC heap before
{Heap before GC invocations=793 (full 463):
 PSYoungGen      total 46592K, used 2559K [0x00000000d6e00000, 0x00000000dc880000, 0x0000000100000000)
  eden space 2560K, 99% used [0x00000000d6e00000,0x00000000d707fff8,0x00000000d7080000)
  from space 44032K, 0% used [0x00000000d9d80000,0x00000000d9d80000,0x00000000dc880000)
  to   space 45056K, 0% used [0x00000000d7080000,0x00000000d7080000,0x00000000d9c80000)
 ParOldGen       total 1347584K, used 1347583K [0x0000000084a00000, 0x00000000d6e00000, 0x00000000d6e00000)
  object space 1347584K, 99% used [0x0000000084a00000,0x00000000d6dfffe0,0x00000000d6e00000)
 Metaspace       used 16721K, capacity 17312K, committed 17664K, reserved 1064960K
  class space    used 2237K, capacity 2440K, committed 2560K, reserved 1048576K
Event: 443.143 GC heap after
Heap after GC invocations=793 (full 463):
 PSYoungGen      total 46592K, used 2559K [0x00000000d6e00000, 0x00000000dc880000, 0x0000000100000000)
  eden space 2560K, 99% used [0x00000000d6e00000,0x00000000d707fff8,0x00000000d7080000)
  from space 44032K, 0% used [0x00000000d9d80000,0x00000000d9d80000,0x00000000dc880000)
  to   space 45056K, 0% used [0x00000000d7080000,0x00000000d7080000,0x00000000d9c80000)
 ParOldGen       total 1347584K, used 1347583K [0x0000000084a00000, 0x00000000d6e00000, 0x00000000d6e00000)
  object space 1347584K, 99% used [0x0000000084a00000,0x00000000d6dfffe0,0x00000000d6e00000)
 Metaspace       used 16721K, capacity 17312K, committed 17664K, reserved 1064960K
  class space    used 2237K, capacity 2440K, committed 2560K, reserved 1048576K
}
Event: 443.143 GC heap before
{Heap before GC invocations=794 (full 464):
 PSYoungGen      total 46592K, used 2559K [0x00000000d6e00000, 0x00000000dc880000, 0x0000000100000000)
  eden space 2560K, 99% used [0x00000000d6e00000,0x00000000d707fff8,0x00000000d7080000)
  from space 44032K, 0% used [0x00000000d9d80000,0x00000000d9d80000,0x00000000dc880000)
  to   space 45056K, 0% used [0x00000000d7080000,0x00000000d7080000,0x00000000d9c80000)
 ParOldGen       total 1347584K, used 1347583K [0x0000000084a00000, 0x00000000d6e00000, 0x00000000d6e00000)
  object space 1347584K, 99% used [0x0000000084a00000,0x00000000d6dfffe0,0x00000000d6e00000)
 Metaspace       used 16721K, capacity 17312K, committed 17664K, reserved 1064960K
  class space    used 2237K, capacity 2440K, committed 2560K, reserved 1048576K
Event: 444.072 GC heap after
Heap after GC invocations=794 (full 464):
 PSYoungGen      total 46592K, used 2559K [0x00000000d6e00000, 0x00000000dc880000, 0x0000000100000000)
  eden space 2560K, 99% used [0x00000000d6e00000,0x00000000d707fff8,0x00000000d7080000)
  from space 44032K, 0% used [0x00000000d9d80000,0x00000000d9d80000,0x00000000dc880000)
  to   space 45056K, 0% used [0x00000000d7080000,0x00000000d7080000,0x00000000d9c80000)
 ParOldGen       total 1347584K, used 1347583K [0x0000000084a00000, 0x00000000d6e00000, 0x00000000d6e00000)
  object space 1347584K, 99% used [0x0000000084a00000,0x00000000d6dfffe0,0x00000000d6e00000)
 Metaspace       used 16721K, capacity 17312K, committed 17664K, reserved 1064960K
  class space    used 2237K, capacity 2440K, committed 2560K, reserved 1048576K
}
Event: 444.092 GC heap before
{Heap before GC invocations=795 (full 465):
 PSYoungGen      total 46592K, used 2559K [0x00000000d6e00000, 0x00000000dc880000, 0x0000000100000000)
  eden space 2560K, 99% used [0x00000000d6e00000,0x00000000d707fff8,0x00000000d7080000)
  from space 44032K, 0% used [0x00000000d9d80000,0x00000000d9d80000,0x00000000dc880000)
  to   space 45056K, 0% used [0x00000000d7080000,0x00000000d7080000,0x00000000d9c80000)
 ParOldGen       total 1347584K, used 1347583K [0x0000000084a00000, 0x00000000d6e00000, 0x00000000d6e00000)
  object space 1347584K, 99% used [0x0000000084a00000,0x00000000d6dffff8,0x00000000d6e00000)
 Metaspace       used 16721K, capacity 17312K, committed 17664K, reserved 1064960K
  class space    used 2237K, capacity 2440K, committed 2560K, reserved 1048576K
Event: 445.015 GC heap after
Heap after GC invocations=795 (full 465):
 PSYoungGen      total 46592K, used 2559K [0x00000000d6e00000, 0x00000000dc880000, 0x0000000100000000)
  eden space 2560K, 99% used [0x00000000d6e00000,0x00000000d707fff8,0x00000000d7080000)
  from space 44032K, 0% used [0x00000000d9d80000,0x00000000d9d80000,0x00000000dc880000)
  to   space 45056K, 0% used [0x00000000d7080000,0x00000000d7080000,0x00000000d9c80000)
 ParOldGen       total 1347584K, used 1347583K [0x0000000084a00000, 0x00000000d6e00000, 0x00000000d6e00000)
  object space 1347584K, 99% used [0x0000000084a00000,0x00000000d6dffff8,0x00000000d6e00000)
 Metaspace       used 16721K, capacity 17312K, committed 17664K, reserved 1064960K
  class space    used 2237K, capacity 2440K, committed 2560K, reserved 1048576K
}
Event: 445.015 GC heap before
{Heap before GC invocations=796 (full 466):
 PSYoungGen      total 46592K, used 2559K [0x00000000d6e00000, 0x00000000dc880000, 0x0000000100000000)
  eden space 2560K, 99% used [0x00000000d6e00000,0x00000000d707fff8,0x00000000d7080000)
  from space 44032K, 0% used [0x00000000d9d80000,0x00000000d9d80000,0x00000000dc880000)
  to   space 45056K, 0% used [0x00000000d7080000,0x00000000d7080000,0x00000000d9c80000)
 ParOldGen       total 1347584K, used 1347583K [0x0000000084a00000, 0x00000000d6e00000, 0x00000000d6e00000)
  object space 1347584K, 99% used [0x0000000084a00000,0x00000000d6dffff8,0x00000000d6e00000)
 Metaspace       used 16721K, capacity 17312K, committed 17664K, reserved 1064960K
  class space    used 2237K, capacity 2440K, committed 2560K, reserved 1048576K
Event: 445.948 GC heap after
Heap after GC invocations=796 (full 466):
 PSYoungGen      total 46592K, used 2559K [0x00000000d6e00000, 0x00000000dc880000, 0x0000000100000000)
  eden space 2560K, 99% used [0x00000000d6e00000,0x00000000d707fff8,0x00000000d7080000)
  from space 44032K, 0% used [0x00000000d9d80000,0x00000000d9d80000,0x00000000dc880000)
  to   space 45056K, 0% used [0x00000000d7080000,0x00000000d7080000,0x00000000d9c80000)
 ParOldGen       total 1347584K, used 1347583K [0x0000000084a00000, 0x00000000d6e00000, 0x00000000d6e00000)
  object space 1347584K, 99% used [0x0000000084a00000,0x00000000d6dffff8,0x00000000d6e00000)
 Metaspace       used 16721K, capacity 17312K, committed 17664K, reserved 1064960K
  class space    used 2237K, capacity 2440K, committed 2560K, reserved 1048576K
}
Event: 445.952 GC heap before
{Heap before GC invocations=797 (full 467):
 PSYoungGen      total 46592K, used 2559K [0x00000000d6e00000, 0x00000000dc880000, 0x0000000100000000)
  eden space 2560K, 99% used [0x00000000d6e00000,0x00000000d707fff8,0x00000000d7080000)
  from space 44032K, 0% used [0x00000000d9d80000,0x00000000d9d80000,0x00000000dc880000)
  to   space 45056K, 0% used [0x00000000d7080000,0x00000000d7080000,0x00000000d9c80000)
 ParOldGen       total 1347584K, used 1347583K [0x0000000084a00000, 0x00000000d6e00000, 0x00000000d6e00000)
  object space 1347584K, 99% used [0x0000000084a00000,0x00000000d6dffff8,0x00000000d6e00000)
 Metaspace       used 16721K, capacity 17312K, committed 17664K, reserved 1064960K
  class space    used 2237K, capacity 2440K, committed 2560K, reserved 1048576K

